Added Component: Designator=3.3V(AbaisseurTension)
Added Component: Designator=8.4V(AbaisseurTension)
Added Component: Designator=Alim generale(PortBouton)
Added Component: Designator=Arduino Nano(Arduino Nano)
Added Component: Designator=BC(PortBouton)
Added Component: Designator=BL1(PortBouton)
Added Component: Designator=BL2(PortBouton)
Added Component: Designator=BMS(PortBouton)
Added Component: Designator=BR1(PortBouton)
Added Component: Designator=BR2(PortBouton)
Added Component: Designator=Droite(Joystick)
Added Component: Designator=Gauche(Joystick)
Added Component: Designator=HC05(HC05)
Added Component: Designator=JD(Joystick2axes)
Added Component: Designator=JG(Joystick2axes)
Added Component: Designator=LED(PortBouton)
Added Component: Designator=NRF24(NRF24)
Added Component: Designator=NRF(NRF24)
Added Component: Designator=Pow(Connecteur Power)
Added Component: Designator=R1(0805)
Added Component: Designator=R2(0805)
Added Component: Designator=R3(0805)
Added Component: Designator=R4(0805)
Added Component: Designator=R5(0805)
Added Component: Designator=R6(0805)
Added Component: Designator=R7(0805)
Added Component: Designator=R8(0805)
Added Component: Designator=R9(0805)
Added Component: Designator=RGB(Led RGB)
Added Component: Designator=S?(DPDT-6)
Added Component: Designator=U?(DIP28_300)
Added Pin To Net: NetName=3.3V Pin=NRF-2
Added Net: Name=3.3V
Added Pin To Net: NetName=5V Pin=HC05-5
Added Pin To Net: NetName=5V Pin=JD-1
Added Pin To Net: NetName=5V Pin=JD-1
Added Pin To Net: NetName=5V Pin=JG-1
Added Pin To Net: NetName=5V Pin=JG-1
Added Pin To Net: NetName=5V Pin=U?-7
Added Pin To Net: NetName=5V Pin=U?-20
Added Net: Name=5V
Added Pin To Net: NetName=BC Pin=U?-6
Added Net: Name=BC
Added Pin To Net: NetName=CE Pin=NRF-3
Added Pin To Net: NetName=CE Pin=U?-15
Added Net: Name=CE
Added Pin To Net: NetName=CONVERT 8.4V Pin=8.4V-1
Added Pin To Net: NetName=CONVERT 8.4V Pin=Alim generale-2
Added Pin To Net: NetName=CONVERT 8.4V Pin=BMS-1
Added Net: Name=CONVERT 8.4V
Added Pin To Net: NetName=CSN Pin=NRF-4
Added Pin To Net: NetName=CSN Pin=S?-2
Added Net: Name=CSN
Added Pin To Net: NetName=D10 Pin=S?-1
Added Pin To Net: NetName=D10 Pin=U?-16
Added Net: Name=D10
Added Pin To Net: NetName=D11 Pin=S?-4
Added Pin To Net: NetName=D11 Pin=U?-17
Added Net: Name=D11
Added Pin To Net: NetName=GND Pin=3.3V-2
Added Pin To Net: NetName=GND Pin=8.4V-2
Added Pin To Net: NetName=GND Pin=Arduino Nano-4
Added Pin To Net: NetName=GND Pin=Arduino Nano-17
Added Pin To Net: NetName=GND Pin=BMS-2
Added Pin To Net: NetName=GND Pin=Droite-1
Added Pin To Net: NetName=GND Pin=Gauche-1
Added Pin To Net: NetName=GND Pin=HC05-4
Added Pin To Net: NetName=GND Pin=JD-4
Added Pin To Net: NetName=GND Pin=JD-4
Added Pin To Net: NetName=GND Pin=JG-4
Added Pin To Net: NetName=GND Pin=JG-4
Added Pin To Net: NetName=GND Pin=LED-2
Added Pin To Net: NetName=GND Pin=NRF24-1
Added Pin To Net: NetName=GND Pin=NRF-1
Added Pin To Net: NetName=GND Pin=Pow-1
Added Pin To Net: NetName=GND Pin=R4-1
Added Pin To Net: NetName=GND Pin=R5-1
Added Pin To Net: NetName=GND Pin=R6-1
Added Pin To Net: NetName=GND Pin=R7-1
Added Pin To Net: NetName=GND Pin=R8-1
Added Pin To Net: NetName=GND Pin=RGB-3
Added Pin To Net: NetName=GND Pin=U?-8
Added Pin To Net: NetName=GND Pin=U?-22
Added Net: Name=GND
Added Pin To Net: NetName=IRQ Pin=NRF-8
Added Pin To Net: NetName=IRQ Pin=U?-14
Added Net: Name=IRQ
Added Pin To Net: NetName=JDX Pin=JD-2
Added Pin To Net: NetName=JDX Pin=U?-27
Added Net: Name=JDX
Added Pin To Net: NetName=JDY Pin=JD-3
Added Pin To Net: NetName=JDY Pin=U?-26
Added Net: Name=JDY
Added Pin To Net: NetName=JGX Pin=JG-2
Added Pin To Net: NetName=JGX Pin=U?-1
Added Net: Name=JGX
Added Pin To Net: NetName=JGY Pin=JG-3
Added Pin To Net: NetName=JGY Pin=U?-28
Added Net: Name=JGY
Added Pin To Net: NetName=MISO Pin=NRF-7
Added Pin To Net: NetName=MISO Pin=U?-18
Added Net: Name=MISO
Added Pin To Net: NetName=MOSI Pin=NRF-6
Added Pin To Net: NetName=MOSI Pin=S?-5
Added Net: Name=MOSI
Added Pin To Net: NetName=Net3.3V_1 Pin=3.3V-1
Added Pin To Net: NetName=Net3.3V_1 Pin=NRF24-2
Added Net: Name=Net3.3V_1
Added Pin To Net: NetName=NetArduino Nano_5 Pin=Arduino Nano-5
Added Pin To Net: NetName=NetArduino Nano_5 Pin=BR2-1
Added Pin To Net: NetName=NetArduino Nano_5 Pin=R4-2
Added Net: Name=NetArduino Nano_5
Added Pin To Net: NetName=NetArduino Nano_6 Pin=Arduino Nano-6
Added Pin To Net: NetName=NetArduino Nano_6 Pin=R1-1
Added Net: Name=NetArduino Nano_6
Added Pin To Net: NetName=NetArduino Nano_7 Pin=Arduino Nano-7
Added Pin To Net: NetName=NetArduino Nano_7 Pin=Droite-5
Added Net: Name=NetArduino Nano_7
Added Pin To Net: NetName=NetArduino Nano_8 Pin=Arduino Nano-8
Added Pin To Net: NetName=NetArduino Nano_8 Pin=R2-1
Added Net: Name=NetArduino Nano_8
Added Pin To Net: NetName=NetArduino Nano_9 Pin=Arduino Nano-9
Added Pin To Net: NetName=NetArduino Nano_9 Pin=Gauche-5
Added Net: Name=NetArduino Nano_9
Added Pin To Net: NetName=NetArduino Nano_10 Pin=Arduino Nano-10
Added Pin To Net: NetName=NetArduino Nano_10 Pin=R3-1
Added Net: Name=NetArduino Nano_10
Added Pin To Net: NetName=NetArduino Nano_11 Pin=Arduino Nano-11
Added Pin To Net: NetName=NetArduino Nano_11 Pin=NRF24-8
Added Net: Name=NetArduino Nano_11
Added Pin To Net: NetName=NetArduino Nano_12 Pin=Arduino Nano-12
Added Pin To Net: NetName=NetArduino Nano_12 Pin=NRF24-3
Added Net: Name=NetArduino Nano_12
Added Pin To Net: NetName=NetArduino Nano_13 Pin=Arduino Nano-13
Added Pin To Net: NetName=NetArduino Nano_13 Pin=NRF24-4
Added Net: Name=NetArduino Nano_13
Added Pin To Net: NetName=NetArduino Nano_14 Pin=Arduino Nano-14
Added Pin To Net: NetName=NetArduino Nano_14 Pin=NRF24-6
Added Net: Name=NetArduino Nano_14
Added Pin To Net: NetName=NetArduino Nano_15 Pin=Arduino Nano-15
Added Pin To Net: NetName=NetArduino Nano_15 Pin=NRF24-7
Added Net: Name=NetArduino Nano_15
Added Pin To Net: NetName=NetArduino Nano_19 Pin=Arduino Nano-19
Added Pin To Net: NetName=NetArduino Nano_19 Pin=BC-1
Added Pin To Net: NetName=NetArduino Nano_19 Pin=BL1-1
Added Pin To Net: NetName=NetArduino Nano_19 Pin=BL2-1
Added Pin To Net: NetName=NetArduino Nano_19 Pin=BR1-1
Added Pin To Net: NetName=NetArduino Nano_19 Pin=BR2-2
Added Pin To Net: NetName=NetArduino Nano_19 Pin=Droite-2
Added Pin To Net: NetName=NetArduino Nano_19 Pin=Gauche-2
Added Pin To Net: NetName=NetArduino Nano_19 Pin=R9-2
Added Net: Name=NetArduino Nano_19
Added Pin To Net: NetName=NetArduino Nano_20 Pin=Arduino Nano-20
Added Pin To Net: NetName=NetArduino Nano_20 Pin=BL2-2
Added Pin To Net: NetName=NetArduino Nano_20 Pin=R8-2
Added Net: Name=NetArduino Nano_20
Added Pin To Net: NetName=NetArduino Nano_21 Pin=Arduino Nano-21
Added Pin To Net: NetName=NetArduino Nano_21 Pin=Droite-3
Added Net: Name=NetArduino Nano_21
Added Pin To Net: NetName=NetArduino Nano_22 Pin=Arduino Nano-22
Added Pin To Net: NetName=NetArduino Nano_22 Pin=Droite-4
Added Net: Name=NetArduino Nano_22
Added Pin To Net: NetName=NetArduino Nano_23 Pin=Arduino Nano-23
Added Pin To Net: NetName=NetArduino Nano_23 Pin=Gauche-4
Added Net: Name=NetArduino Nano_23
Added Pin To Net: NetName=NetArduino Nano_24 Pin=Arduino Nano-24
Added Pin To Net: NetName=NetArduino Nano_24 Pin=Gauche-3
Added Net: Name=NetArduino Nano_24
Added Pin To Net: NetName=NetArduino Nano_25 Pin=Arduino Nano-25
Added Pin To Net: NetName=NetArduino Nano_25 Pin=BL1-2
Added Pin To Net: NetName=NetArduino Nano_25 Pin=R7-2
Added Net: Name=NetArduino Nano_25
Added Pin To Net: NetName=NetArduino Nano_26 Pin=Arduino Nano-26
Added Pin To Net: NetName=NetArduino Nano_26 Pin=BR1-2
Added Pin To Net: NetName=NetArduino Nano_26 Pin=R6-2
Added Net: Name=NetArduino Nano_26
Added Pin To Net: NetName=NetArduino Nano_27 Pin=Arduino Nano-27
Added Pin To Net: NetName=NetArduino Nano_27 Pin=BC-2
Added Pin To Net: NetName=NetArduino Nano_27 Pin=R5-2
Added Net: Name=NetArduino Nano_27
Added Pin To Net: NetName=NetArduino Nano_30 Pin=Arduino Nano-30
Added Pin To Net: NetName=NetArduino Nano_30 Pin=NRF24-5
Added Net: Name=NetArduino Nano_30
Added Pin To Net: NetName=NetLED_1 Pin=LED-1
Added Pin To Net: NetName=NetLED_1 Pin=R9-1
Added Net: Name=NetLED_1
Added Pin To Net: NetName=NetR1_2 Pin=R1-2
Added Pin To Net: NetName=NetR1_2 Pin=RGB-1
Added Net: Name=NetR1_2
Added Pin To Net: NetName=NetR2_2 Pin=R2-2
Added Pin To Net: NetName=NetR2_2 Pin=RGB-2
Added Net: Name=NetR2_2
Added Pin To Net: NetName=NetR3_2 Pin=R3-2
Added Pin To Net: NetName=NetR3_2 Pin=RGB-4
Added Net: Name=NetR3_2
Added Pin To Net: NetName=POWERCONNECTOR 9V Pin=8.4V-3
Added Pin To Net: NetName=POWERCONNECTOR 9V Pin=Pow-0
Added Net: Name=POWERCONNECTOR 9V
Added Pin To Net: NetName=RX Pin=HC05-2
Added Pin To Net: NetName=RX Pin=S?-6
Added Net: Name=RX
Added Pin To Net: NetName=SCK Pin=NRF-5
Added Net: Name=SCK
Added Pin To Net: NetName=SDK Pin=U?-19
Added Net: Name=SDK
Added Pin To Net: NetName=TX Pin=HC05-3
Added Pin To Net: NetName=TX Pin=S?-3
Added Net: Name=TX
Added Pin To Net: NetName=VCC Pin=3.3V-3
Added Pin To Net: NetName=VCC Pin=Alim generale-1
Added Pin To Net: NetName=VCC Pin=Arduino Nano-16
Added Net: Name=VCC
Added Class: Name=manette_temp
Added Class: Name=manette
Added Room: Name=manette
Added Room: Name=manette_temp
