Removed Pin From Net: NetName=BATTERIE Pin=SW1-1
Removed Pin From Net: NetName=VCC Pin=SW1-2
Added Component: Designator=LALL(LED5)
Added Component: Designator=LRGB(Led RGB)
Added Component: Designator=R11(0805)
Added Component: Designator=R12(0805)
Added Component: Designator=R13(0805)
Added Component: Designator=R14(0805)
Added Component: Designator=SW?(1K2_V)
Added Pin To Net: NetName=5V Pin=LALL-A
Added Pin To Net: NetName=5V Pin=LRGB-2
Added Pin To Net: NetName=GND Pin=R14-2
Added Pin To Net: NetName=D11 Pin=SW1-1
Added Pin To Net: NetName=RX Pin=SW1-2
Added Pin To Net: NetName=BATTERIE Pin=SW1-1
Added Pin To Net: NetName=VCC Pin=SW1-2
Added Pin To Net: NetName=LDB Pin=ATMEGA-13
Added Pin To Net: NetName=LDB Pin=R13-1
Added Net: Name=LDB
Added Pin To Net: NetName=LDG Pin=ATMEGA-12
Added Pin To Net: NetName=LDG Pin=R12-1
Added Net: Name=LDG
Added Pin To Net: NetName=LDR Pin=ATMEGA-11
Added Pin To Net: NetName=LDR Pin=R11-1
Added Net: Name=LDR
Added Pin To Net: NetName=NetLALL_K Pin=LALL-K
Added Pin To Net: NetName=NetLALL_K Pin=R14-1
Added Net: Name=NetLALL_K
Added Pin To Net: NetName=NetLRGB_1 Pin=LRGB-1
Added Pin To Net: NetName=NetLRGB_1 Pin=R11-2
Added Net: Name=NetLRGB_1
Added Pin To Net: NetName=NetLRGB_3 Pin=LRGB-3
Added Pin To Net: NetName=NetLRGB_3 Pin=R12-2
Added Net: Name=NetLRGB_3
Added Pin To Net: NetName=NetLRGB_4 Pin=LRGB-4
Added Pin To Net: NetName=NetLRGB_4 Pin=R13-2
Added Net: Name=NetLRGB_4
Added Member To Class: ClassName=manette_temp Member=Component LALL comment
Added Member To Class: ClassName=manette_temp Member=Component LRGB RGB+
Added Member To Class: ClassName=manette_temp Member=Component R11 RES
Added Member To Class: ClassName=manette_temp Member=Component R12 RES
Added Member To Class: ClassName=manette_temp Member=Component R13 RES
Added Member To Class: ClassName=manette_temp Member=Component R14 RES
Added Member To Class: ClassName=manette_temp Member=Component SW? SW_SPDT
Added Room: Name=manette_temp
