Added Component: Designator=Batterie(HDR1X2)
Added Component: Designator=D1(SMA)
Added Component: Designator=Power(Connecteur Power)
Added Component: Designator=Reg3.3V(TO252)
Added Component: Designator=Reg5V(TO252)
Added Pin To Net: NetName=GND Pin=Batterie-2
Added Pin To Net: NetName=GND Pin=Power-1
Added Pin To Net: NetName=GND Pin=Reg3.3V-2
Added Pin To Net: NetName=3.3V Pin=Reg3.3V-3
Added Pin To Net: NetName=GND Pin=Reg5V-2
Added Pin To Net: NetName=5V Pin=Reg5V-3
Added Pin To Net: NetName=NetD1_1 Pin=D1-1
Added Pin To Net: NetName=NetD1_1 Pin=Power-0
Added Net: Name=NetD1_1
Added Pin To Net: NetName=VCC Pin=Batterie-1
Added Pin To Net: NetName=VCC Pin=D1-2
Added Pin To Net: NetName=VCC Pin=Reg3.3V-1
Added Pin To Net: NetName=VCC Pin=Reg5V-1
Added Net: Name=VCC
Added Member To Class: ClassName=manette_temp Member=Component Batterie Header 2
Added Member To Class: ClassName=manette_temp Member=Component D1 Vseuil>0.6V
Added Member To Class: ClassName=manette_temp Member=Component Power Connecteur Power
Added Member To Class: ClassName=manette_temp Member=Component Reg3.3V 78xx
Added Member To Class: ClassName=manette_temp Member=Component Reg5V 78xx
Added Room: Name=manette_temp
